<?xml version="1.0" encoding="UTF-8"?>
<robot generator="Robot 6.0.2 (Python 3.11.1 on win32)" generated="20230214 14:30:44.846" rpa="false" schemaversion="3">
<suite id="s1" name="My Robotframework" source="E:\GitHub_projects\my_robotframework">
<suite id="s1-s1" name="Test Logout" source="E:\GitHub_projects\my_robotframework\test_logout.robot">
<test id="s1-s1-t1" name="Log out to the system" line="23">
<kw name="Open login page">
<kw name="Open Browser" library="SeleniumLibrary">
<arg>${LOGIN URL}</arg>
<arg>${BROWSER}</arg>
<doc>Opens a new browser instance to the optional ``url``.</doc>
<msg timestamp="20230214 14:30:45.486" level="INFO">Opening browser 'Chrome' to base url 'https://scouts-test.futbolkolektyw.pl/en'.</msg>
<msg timestamp="20230214 14:30:55.209" level="INFO">Cannot capture screenshot because no browser is open.</msg>
<msg timestamp="20230214 14:30:55.209" level="FAIL">Test timeout 3 seconds exceeded.</msg>
<status status="FAIL" starttime="20230214 14:30:45.484" endtime="20230214 14:30:55.210"/>
</kw>
<kw name="Title Should Be" library="SeleniumLibrary">
<arg>Scouts panel - sign in</arg>
<doc>Verifies that the current page title equals ``title``.</doc>
<status status="NOT RUN" starttime="20230214 14:30:55.210" endtime="20230214 14:30:55.210"/>
</kw>
<status status="FAIL" starttime="20230214 14:30:45.483" endtime="20230214 14:30:55.210"/>
</kw>
<kw name="Type in email">
<status status="NOT RUN" starttime="20230214 14:30:55.211" endtime="20230214 14:30:55.211"/>
</kw>
<kw name="Type in password">
<status status="NOT RUN" starttime="20230214 14:30:55.211" endtime="20230214 14:30:55.212"/>
</kw>
<kw name="Click on the Submit button">
<status status="NOT RUN" starttime="20230214 14:30:55.212" endtime="20230214 14:30:55.212"/>
</kw>
<kw name="Assert dashboared">
<status status="NOT RUN" starttime="20230214 14:30:55.212" endtime="20230214 14:30:55.212"/>
</kw>
<kw name="Click on the SingOut button">
<status status="NOT RUN" starttime="20230214 14:30:55.213" endtime="20230214 14:30:55.213"/>
</kw>
<kw name="Assert login page">
<status status="NOT RUN" starttime="20230214 14:30:55.213" endtime="20230214 14:30:55.213"/>
</kw>
<kw name="Close Browser" library="SeleniumLibrary" type="TEARDOWN">
<doc>Closes the current browser.</doc>
<status status="PASS" starttime="20230214 14:30:55.214" endtime="20230214 14:30:55.214"/>
</kw>
<timeout value="3 seconds"/>
<status status="FAIL" starttime="20230214 14:30:45.482" endtime="20230214 14:30:55.214">Test timeout 3 seconds exceeded.</status>
</test>
<doc>Suite description #automated tests for scout website</doc>
<status status="FAIL" starttime="20230214 14:30:44.912" endtime="20230214 14:30:55.217"/>
</suite>
<status status="FAIL" starttime="20230214 14:30:44.850" endtime="20230214 14:30:55.220"/>
</suite>
<statistics>
<total>
<stat pass="0" fail="1" skip="0">All Tests</stat>
</total>
<tag>
</tag>
<suite>
<stat pass="0" fail="1" skip="0" id="s1" name="My Robotframework">My Robotframework</stat>
<stat pass="0" fail="1" skip="0" id="s1-s1" name="Test Logout">My Robotframework.Test Logout</stat>
</suite>
</statistics>
<errors>
<msg timestamp="20230214 14:30:45.478" level="ERROR">Error in file 'E:\GitHub_projects\my_robotframework\test_logout.robot' on line 4: Importing library 'Log in to the system' failed: ModuleNotFoundError: No module named 'Log in to the system'
Traceback (most recent call last):
  None
PYTHONPATH:
  E:\GitHub_projects\my_robotframework
  E:\GitHub_projects\my_robotframework
  C:\Users\User\AppData\Local\Programs\Python\Python311\python311.zip
  C:\Users\User\AppData\Local\Programs\Python\Python311\Lib
  C:\Users\User\AppData\Local\Programs\Python\Python311\DLLs
  C:\Users\User\AppData\Roaming\Python\Python311\site-packages
  C:\Users\User\AppData\Local\Programs\Python\Python311
  C:\Users\User\AppData\Local\Programs\Python\Python311\Lib\site-packages</msg>
</errors>
</robot>
